app/build/intermediates/manifest_merge_blame_file/debug/processDebugMainManifest/manifest-merger-blame-debug-report.txt
1<?xml version="1.0" encoding="utf-8"?>
2<manifest xmlns:android="http://schemas.android.com/apk/res/android"
3    package="com.example.uhf"
4    android:versionCode="4"
5    android:versionName="1.6.8" >
6
7    <uses-sdk
8        android:minSdkVersion="22"
9        android:targetSdkVersion="34" />
10
11    <uses-permission android:name="android.permission.POST_NOTIFICATIONS" />
11-->src\main\AndroidManifest.xml:7:5-77
11-->src\main\AndroidManifest.xml:7:22-74
12    <uses-permission
12-->src\main\AndroidManifest.xml:8:5-9:38
13        android:name="android.permission.WRITE_EXTERNAL_STORAGE"
13-->src\main\AndroidManifest.xml:8:22-78
14        android:maxSdkVersion="32" />
14-->src\main\AndroidManifest.xml:9:9-35
15    <uses-permission android:name="android.permission.RECEIVE_BOOT_COMPLETED" />
15-->src\main\AndroidManifest.xml:10:5-80
15-->src\main\AndroidManifest.xml:10:22-78
16    <uses-permission
16-->src\main\AndroidManifest.xml:11:5-12:38
17        android:name="android.permission.READ_EXTERNAL_STORAGE"
17-->src\main\AndroidManifest.xml:11:22-77
18        android:maxSdkVersion="32" />
18-->src\main\AndroidManifest.xml:12:9-35
19    <uses-permission android:name="android.permission.INTERNET" />
19-->src\main\AndroidManifest.xml:13:5-67
19-->src\main\AndroidManifest.xml:13:22-64
20    <uses-permission android:name="android.permission.RECEIVE_BOOT_COMPLETED" />
20-->src\main\AndroidManifest.xml:10:5-80
20-->src\main\AndroidManifest.xml:10:22-78
21    <uses-permission android:name="android.permission.WAKE_LOCK" />
21-->src\main\AndroidManifest.xml:15:5-67
21-->src\main\AndroidManifest.xml:15:22-65
22    <uses-permission android:name="android.permission.ACCESS_NETWORK_STATE" />
22-->[DeviceAPI_ver20230228_release.aar] AndroidManifest.xml:11:5-79
22-->[DeviceAPI_ver20230228_release.aar] AndroidManifest.xml:11:22-76
23    <uses-permission android:name="android.permission.BLUETOOTH_ADMIN" />
23-->[DeviceAPI_ver20230228_release.aar] AndroidManifest.xml:12:5-74
23-->[DeviceAPI_ver20230228_release.aar] AndroidManifest.xml:12:22-71
24    <uses-permission android:name="android.permission.CAMERA" />
24-->[DeviceAPI_ver20230228_release.aar] AndroidManifest.xml:13:5-65
24-->[DeviceAPI_ver20230228_release.aar] AndroidManifest.xml:13:22-62
25    <uses-permission android:name="android.permission.CHANGE_WIFI_STATE" />
25-->[DeviceAPI_ver20230228_release.aar] AndroidManifest.xml:14:5-76
25-->[DeviceAPI_ver20230228_release.aar] AndroidManifest.xml:14:22-73
26
27    <permission
27-->[androidx.core:core:1.13.1] AndroidManifest.xml:22:5-24:47
28        android:name="com.example.uhf.DYNAMIC_RECEIVER_NOT_EXPORTED_PERMISSION"
28-->[androidx.core:core:1.13.1] AndroidManifest.xml:23:9-81
29        android:protectionLevel="signature" />
29-->[androidx.core:core:1.13.1] AndroidManifest.xml:24:9-44
30
31    <uses-permission android:name="com.example.uhf.DYNAMIC_RECEIVER_NOT_EXPORTED_PERMISSION" />
31-->[androidx.core:core:1.13.1] AndroidManifest.xml:26:5-97
31-->[androidx.core:core:1.13.1] AndroidManifest.xml:26:22-94
32
33    <application
33-->src\main\AndroidManifest.xml:17:5-65:19
34        android:allowBackup="true"
34-->src\main\AndroidManifest.xml:18:9-35
35        android:appComponentFactory="androidx.core.app.CoreComponentFactory"
35-->[androidx.core:core:1.13.1] AndroidManifest.xml:28:18-86
36        android:debuggable="true"
37        android:extractNativeLibs="true"
38        android:icon="@drawable/ic_launcher"
38-->src\main\AndroidManifest.xml:19:9-45
39        android:label="@string/app_name"
39-->src\main\AndroidManifest.xml:20:9-41
40        android:testOnly="true"
41        android:theme="@style/CustomTheme"
41-->src\main\AndroidManifest.xml:21:9-43
42        android:usesCleartextTraffic="true" >
42-->src\main\AndroidManifest.xml:22:9-44
43        <activity
43-->src\main\AndroidManifest.xml:25:9-31:16
44            android:name="com.example.uhf.activity.LoginActivity"
44-->src\main\AndroidManifest.xml:26:13-51
45            android:configChanges="orientation|screenSize"
45-->src\main\AndroidManifest.xml:28:13-59
46            android:exported="true"
46-->src\main\AndroidManifest.xml:27:13-36
47            android:screenOrientation="landscape" >
47-->src\main\AndroidManifest.xml:29:13-50
48        </activity>
49        <activity
49-->src\main\AndroidManifest.xml:33:9-45:20
50            android:name="com.example.uhf.activity.UHFMainActivity"
50-->src\main\AndroidManifest.xml:33:19-59
51            android:allowBackup="true"
51-->src\main\AndroidManifest.xml:34:13-39
52            android:exported="true"
52-->src\main\AndroidManifest.xml:36:13-36
53            android:icon="@drawable/ic_launcher"
53-->src\main\AndroidManifest.xml:35:13-49
54            android:screenOrientation="landscape"
54-->src\main\AndroidManifest.xml:39:13-50
55            android:theme="@style/CustomTheme"
55-->src\main\AndroidManifest.xml:37:13-47
56            android:usesCleartextTraffic="true" >
56-->src\main\AndroidManifest.xml:38:13-48
57            <intent-filter>
57-->src\main\AndroidManifest.xml:40:13-44:29
58                <action android:name="android.intent.action.MAIN" />
58-->src\main\AndroidManifest.xml:41:17-69
58-->src\main\AndroidManifest.xml:41:25-66
59
60                <category android:name="android.intent.category.LAUNCHER" />
60-->src\main\AndroidManifest.xml:43:17-77
60-->src\main\AndroidManifest.xml:43:27-74
61            </intent-filter>
62        </activity>
63
64        <!-- <receiver android:name="com.example.uhf.receiver.BootBroadcastReceiver"> -->
65        <!-- <intent-filter android:priority="1000"> -->
66        <!-- <action android:name="android.intent.action.BOOT_COMPLETED" /> -->
67        <!-- <category android:name="android.intent.category.LAUNCHER" /> -->
68<!--  </intent-filter> -->
69        <!-- </receiver> -->
70        <activity android:name="com.example.uhf.filebrowser.FileManagerActivity" />
70-->src\main\AndroidManifest.xml:54:9-69
70-->src\main\AndroidManifest.xml:54:19-66
71
72        <receiver
72-->src\main\AndroidManifest.xml:56:9-64:20
73            android:name="com.example.uhf.activity.BootReceiver"
73-->src\main\AndroidManifest.xml:57:13-50
74            android:enabled="true"
74-->src\main\AndroidManifest.xml:58:13-35
75            android:exported="false" >
75-->src\main\AndroidManifest.xml:59:13-37
76            <intent-filter>
76-->src\main\AndroidManifest.xml:60:13-63:29
77                <action android:name="android.intent.action.BOOT_COMPLETED" />
77-->src\main\AndroidManifest.xml:61:17-78
77-->src\main\AndroidManifest.xml:61:25-76
78
79                <category android:name="android.intent.category.DEFAULT" />
79-->src\main\AndroidManifest.xml:62:17-75
79-->src\main\AndroidManifest.xml:62:27-73
80            </intent-filter>
81        </receiver>
82
83        <provider
83-->[androidx.emoji2:emoji2:1.3.0] AndroidManifest.xml:24:9-32:20
84            android:name="androidx.startup.InitializationProvider"
84-->[androidx.emoji2:emoji2:1.3.0] AndroidManifest.xml:25:13-67
85            android:authorities="com.example.uhf.androidx-startup"
85-->[androidx.emoji2:emoji2:1.3.0] AndroidManifest.xml:26:13-68
86            android:exported="false" >
86-->[androidx.emoji2:emoji2:1.3.0] AndroidManifest.xml:27:13-37
87            <meta-data
87-->[androidx.emoji2:emoji2:1.3.0] AndroidManifest.xml:29:13-31:52
88                android:name="androidx.emoji2.text.EmojiCompatInitializer"
88-->[androidx.emoji2:emoji2:1.3.0] AndroidManifest.xml:30:17-75
89                android:value="androidx.startup" />
89-->[androidx.emoji2:emoji2:1.3.0] AndroidManifest.xml:31:17-49
90            <meta-data
90-->[androidx.lifecycle:lifecycle-process:2.6.2] AndroidManifest.xml:29:13-31:52
91                android:name="androidx.lifecycle.ProcessLifecycleInitializer"
91-->[androidx.lifecycle:lifecycle-process:2.6.2] AndroidManifest.xml:30:17-78
92                android:value="androidx.startup" />
92-->[androidx.lifecycle:lifecycle-process:2.6.2] AndroidManifest.xml:31:17-49
93            <meta-data
93-->[androidx.profileinstaller:profileinstaller:1.3.1] AndroidManifest.xml:29:13-31:52
94                android:name="androidx.profileinstaller.ProfileInstallerInitializer"
94-->[androidx.profileinstaller:profileinstaller:1.3.1] AndroidManifest.xml:30:17-85
95                android:value="androidx.startup" />
95-->[androidx.profileinstaller:profileinstaller:1.3.1] AndroidManifest.xml:31:17-49
96        </provider>
97
98        <receiver
98-->[androidx.profileinstaller:profileinstaller:1.3.1] AndroidManifest.xml:34:9-52:20
99            android:name="androidx.profileinstaller.ProfileInstallReceiver"
99-->[androidx.profileinstaller:profileinstaller:1.3.1] AndroidManifest.xml:35:13-76
100            android:directBootAware="false"
100-->[androidx.profileinstaller:profileinstaller:1.3.1] AndroidManifest.xml:36:13-44
101            android:enabled="true"
101-->[androidx.profileinstaller:profileinstaller:1.3.1] AndroidManifest.xml:37:13-35
102            android:exported="true"
102-->[androidx.profileinstaller:profileinstaller:1.3.1] AndroidManifest.xml:38:13-36
103            android:permission="android.permission.DUMP" >
103-->[androidx.profileinstaller:profileinstaller:1.3.1] AndroidManifest.xml:39:13-57
104            <intent-filter>
104-->[androidx.profileinstaller:profileinstaller:1.3.1] AndroidManifest.xml:40:13-42:29
105                <action android:name="androidx.profileinstaller.action.INSTALL_PROFILE" />
105-->[androidx.profileinstaller:profileinstaller:1.3.1] AndroidManifest.xml:41:17-91
105-->[androidx.profileinstaller:profileinstaller:1.3.1] AndroidManifest.xml:41:25-88
106            </intent-filter>
107            <intent-filter>
107-->[androidx.profileinstaller:profileinstaller:1.3.1] AndroidManifest.xml:43:13-45:29
108                <action android:name="androidx.profileinstaller.action.SKIP_FILE" />
108-->[androidx.profileinstaller:profileinstaller:1.3.1] AndroidManifest.xml:44:17-85
108-->[androidx.profileinstaller:profileinstaller:1.3.1] AndroidManifest.xml:44:25-82
109            </intent-filter>
110            <intent-filter>
110-->[androidx.profileinstaller:profileinstaller:1.3.1] AndroidManifest.xml:46:13-48:29
111                <action android:name="androidx.profileinstaller.action.SAVE_PROFILE" />
111-->[androidx.profileinstaller:profileinstaller:1.3.1] AndroidManifest.xml:47:17-88
111-->[androidx.profileinstaller:profileinstaller:1.3.1] AndroidManifest.xml:47:25-85
112            </intent-filter>
113            <intent-filter>
113-->[androidx.profileinstaller:profileinstaller:1.3.1] AndroidManifest.xml:49:13-51:29
114                <action android:name="androidx.profileinstaller.action.BENCHMARK_OPERATION" />
114-->[androidx.profileinstaller:profileinstaller:1.3.1] AndroidManifest.xml:50:17-95
114-->[androidx.profileinstaller:profileinstaller:1.3.1] AndroidManifest.xml:50:25-92
115            </intent-filter>
116        </receiver>
117    </application>
118
119</manifest>